<?xml version="1.0" encoding="UTF-8"?>
<testng-results skipped="0" failed="0" total="1" passed="1">
  <reporter-output>
  </reporter-output>
  <suite name="Default suite" duration-ms="42407" started-at="2017-12-09T05:31:12Z" finished-at="2017-12-09T05:31:55Z">
    <groups>
    </groups>
    <test name="Default test" duration-ms="42407" started-at="2017-12-09T05:31:12Z" finished-at="2017-12-09T05:31:55Z">
      <class name="com.test.GmailSignIntest">
        <test-method status="PASS" signature="test()[pri:0, instance:com.test.GmailSignIntest@7c16905e]" name="test" duration-ms="42334" started-at="2017-12-09T11:01:12Z" finished-at="2017-12-09T11:01:55Z">
          <reporter-output>
          </reporter-output>
        </test-method> <!-- test -->
      </class> <!-- com.test.GmailSignIntest -->
    </test> <!-- Default test -->
  </suite> <!-- Default suite -->
</testng-results>
